<?xml version="1.0" encoding="UTF-8"?>
<!-- Generated by org.testng.reporters.JUnitReportReporter -->
<testsuite hostname="DIVRAJ-2004" failures="0" tests="1" name="com.runner.runnerTestNG" time="13.066" errors="0" timestamp="2025-04-03T22:10:30 IST" skipped="0">
  <testcase classname="com.runner.runnerTestNG" name="runScenario" time="13.066"/>
</testsuite> <!-- com.runner.runnerTestNG -->
